<?xml version="1.0" encoding="UTF-8"?>
<!-- Generated by org.testng.reporters.JUnitReportReporter -->
<testsuite skipped="0" hostname="Nikhils-MacBook-Pro.local" name="api.tests.UserTest" tests="4" failures="0" timestamp="02 Dec 2022 16:13:19 GMT" time="45.180" errors="0">
  <testcase name="testGetUser" time="6.036" classname="api.tests.UserTest"/>
  <testcase name="verifyLandingPage" time="0.239" classname="api.tests.UserTest"/>
  <testcase name="regiserUser" time="7.157" classname="api.tests.UserTest"/>
  <testcase name="buyProductandValidate" time="31.748" classname="api.tests.UserTest"/>
</testsuite> <!-- api.tests.UserTest -->
